März 11, 2022 8:49:26 PM eu.donttradewithrussia.util.LogGenerator log
WARNUNG: [2022-03-11 20:49:26] [WARNUNG] class eu.donttradewithrussia.database.readAndWrite.country.PSQLCountryWriter: FEHLER: Relation »sanction« existiert nicht
  Position: 13 

März 11, 2022 8:49:26 PM eu.donttradewithrussia.util.LogGenerator log
WARNUNG: [2022-03-11 20:49:26] [WARNUNG] class eu.donttradewithrussia.database.readAndWrite.coalition.PSQLCoalitionWriter: FEHLER: Relation »coalition« existiert nicht
  Position: 13 

März 11, 2022 8:49:26 PM eu.donttradewithrussia.util.LogGenerator log
WARNUNG: [2022-03-11 20:49:26] [WARNUNG] class eu.donttradewithrussia.database.readAndWrite.dataset.PSQLDatasetWriter: FEHLER: Relation »monthly_trade« existiert nicht
  Position: 13 

März 11, 2022 9:00:12 PM eu.donttradewithrussia.util.LogGenerator log
WARNUNG: [2022-03-11 21:00:12] [WARNUNG] class eu.donttradewithrussia.database.readAndWrite.country.PSQLCountryWriter: FEHLER: Relation »trade_schema.sanction« existiert nicht
  Position: 13 

März 11, 2022 9:00:12 PM eu.donttradewithrussia.util.LogGenerator log
WARNUNG: [2022-03-11 21:00:12] [WARNUNG] class eu.donttradewithrussia.database.readAndWrite.coalition.PSQLCoalitionWriter: FEHLER: Relation »trade_schema.coalition« existiert nicht
  Position: 13 

März 11, 2022 9:00:12 PM eu.donttradewithrussia.util.LogGenerator log
WARNUNG: [2022-03-11 21:00:12] [WARNUNG] class eu.donttradewithrussia.database.readAndWrite.dataset.PSQLDatasetWriter: FEHLER: Relation »trade_schema.monthly_trade« existiert nicht
  Position: 13 

März 13, 2022 9:39:55 AM eu.donttradewithrussia.util.LogGenerator log
WARNUNG: [2022-03-13 09:39:55] [WARNUNG] class eu.donttradewithrussia.database.readAndWrite.country.PSQLCountryWriter: FEHLER: Relation »trade_schema.sanction« existiert nicht
  Position: 13 

März 13, 2022 9:39:55 AM eu.donttradewithrussia.util.LogGenerator log
WARNUNG: [2022-03-13 09:39:55] [WARNUNG] class eu.donttradewithrussia.database.readAndWrite.coalition.PSQLCoalitionWriter: FEHLER: Relation »trade_schema.coalition« existiert nicht
  Position: 13 

März 13, 2022 9:39:55 AM eu.donttradewithrussia.util.LogGenerator log
WARNUNG: [2022-03-13 09:39:55] [WARNUNG] class eu.donttradewithrussia.database.readAndWrite.dataset.PSQLDatasetWriter: FEHLER: Relation »trade_schema.monthly_trade« existiert nicht
  Position: 13 

März 13, 2022 9:42:48 AM eu.donttradewithrussia.util.LogGenerator log
WARNUNG: [2022-03-13 09:42:48] [WARNUNG] class eu.donttradewithrussia.database.readAndWrite.country.PSQLCountryWriter: FEHLER: Spalte »name« von Relation »sanction« existiert nicht
  Position: 39 

März 13, 2022 9:42:48 AM eu.donttradewithrussia.util.LogGenerator log
WARNUNG: [2022-03-13 09:42:48] [WARNUNG] class eu.donttradewithrussia.database.readAndWrite.coalition.PSQLCoalitionWriter: FEHLER: fehlender Eintrag in FROM-Klausel für Tabelle »tradetest_schema«
  Position: 73 

März 13, 2022 9:42:48 AM eu.donttradewithrussia.util.LogGenerator log
WARNUNG: [2022-03-13 09:42:48] [WARNUNG] class eu.donttradewithrussia.database.readAndWrite.dataset.PSQLDatasetWriter: FEHLER: Spalte »tradetest_schema« von Relation »monthly_trade« existiert nicht
  Position: 44 

März 13, 2022 9:49:44 AM eu.donttradewithrussia.util.LogGenerator log
WARNUNG: [2022-03-13 09:49:44] [WARNUNG] class eu.donttradewithrussia.database.readAndWrite.country.PSQLCountryWriter: FEHLER: fehlender Eintrag in FROM-Klausel für Tabelle »tradetest_schema«
  Position: 95 

März 13, 2022 9:49:44 AM eu.donttradewithrussia.util.LogGenerator log
WARNUNG: [2022-03-13 09:49:44] [WARNUNG] class eu.donttradewithrussia.database.readAndWrite.coalition.PSQLCoalitionWriter: FEHLER: fehlender Eintrag in FROM-Klausel für Tabelle »tradetest_schema«
  Position: 73 

März 13, 2022 9:49:44 AM eu.donttradewithrussia.util.LogGenerator log
WARNUNG: [2022-03-13 09:49:44] [WARNUNG] class eu.donttradewithrussia.database.readAndWrite.dataset.PSQLDatasetWriter: FEHLER: Spalte »tradetest_schema« von Relation »monthly_trade« existiert nicht
  Position: 44 

März 13, 2022 9:50:42 AM eu.donttradewithrussia.util.LogGenerator log
WARNUNG: [2022-03-13 09:50:42] [WARNUNG] class eu.donttradewithrussia.database.readAndWrite.country.PSQLCountryWriter: FEHLER: fehlender Eintrag in FROM-Klausel für Tabelle »tradetest_schema«
  Position: 95 

März 13, 2022 9:50:42 AM eu.donttradewithrussia.util.LogGenerator log
WARNUNG: [2022-03-13 09:50:42] [WARNUNG] class eu.donttradewithrussia.database.readAndWrite.coalition.PSQLCoalitionWriter: FEHLER: fehlender Eintrag in FROM-Klausel für Tabelle »tradetest_schema«
  Position: 74 

März 13, 2022 9:50:42 AM eu.donttradewithrussia.util.LogGenerator log
WARNUNG: [2022-03-13 09:50:42] [WARNUNG] class eu.donttradewithrussia.database.readAndWrite.dataset.PSQLDatasetWriter: FEHLER: Spalte »tradetest_schema« von Relation »monthly_trade« existiert nicht
  Position: 44 

März 13, 2022 9:55:24 AM eu.donttradewithrussia.util.LogGenerator log
WARNUNG: [2022-03-13 09:55:24] [WARNUNG] class eu.donttradewithrussia.database.readAndWrite.country.PSQLCountryWriter: Der Spaltenname tradetest_schema.country_id wurde in diesem ResultSet nicht gefunden. 

März 13, 2022 9:55:24 AM eu.donttradewithrussia.util.LogGenerator log
WARNUNG: [2022-03-13 09:55:24] [WARNUNG] class eu.donttradewithrussia.database.readAndWrite.coalition.PSQLCoalitionWriter: FEHLER: fehlender Eintrag in FROM-Klausel für Tabelle »tradetest_schema«
  Position: 73 

März 13, 2022 9:55:24 AM eu.donttradewithrussia.util.LogGenerator log
WARNUNG: [2022-03-13 09:55:24] [WARNUNG] class eu.donttradewithrussia.database.readAndWrite.dataset.PSQLDatasetWriter: FEHLER: Spalte »tradetest_schema« von Relation »monthly_trade« existiert nicht
  Position: 44 

März 13, 2022 9:56:07 AM eu.donttradewithrussia.util.LogGenerator log
WARNUNG: [2022-03-13 09:56:07] [WARNUNG] class eu.donttradewithrussia.database.readAndWrite.coalition.PSQLCoalitionWriter: FEHLER: fehlender Eintrag in FROM-Klausel für Tabelle »tradetest_schema«
  Position: 73 

März 13, 2022 9:56:07 AM eu.donttradewithrussia.util.LogGenerator log
WARNUNG: [2022-03-13 09:56:07] [WARNUNG] class eu.donttradewithrussia.database.readAndWrite.dataset.PSQLDatasetWriter: FEHLER: Spalte »tradetest_schema« von Relation »monthly_trade« existiert nicht
  Position: 44 

März 13, 2022 9:57:24 AM eu.donttradewithrussia.util.LogGenerator log
WARNUNG: [2022-03-13 09:57:24] [WARNUNG] class eu.donttradewithrussia.database.readAndWrite.country.PSQLCountryWriter: FEHLER: Relation »country« existiert nicht
  Position: 13 

März 13, 2022 9:57:25 AM eu.donttradewithrussia.util.LogGenerator log
WARNUNG: [2022-03-13 09:57:25] [WARNUNG] class eu.donttradewithrussia.database.readAndWrite.coalition.PSQLCoalitionWriter: FEHLER: fehlender Eintrag in FROM-Klausel für Tabelle »tradetest_schema«
  Position: 73 

März 13, 2022 9:57:25 AM eu.donttradewithrussia.util.LogGenerator log
WARNUNG: [2022-03-13 09:57:25] [WARNUNG] class eu.donttradewithrussia.database.readAndWrite.dataset.PSQLDatasetWriter: FEHLER: Relation »monthly_trade« existiert nicht
  Position: 13 

März 13, 2022 9:58:38 AM eu.donttradewithrussia.util.LogGenerator log
WARNUNG: [2022-03-13 09:58:38] [WARNUNG] class eu.donttradewithrussia.database.readAndWrite.country.PSQLCountryWriter: FEHLER: Relation »country« existiert nicht
  Position: 13 

März 13, 2022 9:58:38 AM eu.donttradewithrussia.util.LogGenerator log
WARNUNG: [2022-03-13 09:58:38] [WARNUNG] class eu.donttradewithrussia.database.readAndWrite.coalition.PSQLCoalitionWriter: FEHLER: fehlender Eintrag in FROM-Klausel für Tabelle »tradetest_schema«
  Position: 73 

März 13, 2022 9:58:38 AM eu.donttradewithrussia.util.LogGenerator log
WARNUNG: [2022-03-13 09:58:38] [WARNUNG] class eu.donttradewithrussia.database.readAndWrite.dataset.PSQLDatasetWriter: FEHLER: Relation »monthly_trade« existiert nicht
  Position: 13 

März 13, 2022 9:59:03 AM eu.donttradewithrussia.util.LogGenerator log
WARNUNG: [2022-03-13 09:59:03] [WARNUNG] class eu.donttradewithrussia.database.readAndWrite.country.PSQLCountryWriter: FEHLER: Relation »country« existiert nicht
  Position: 13 

März 13, 2022 9:59:03 AM eu.donttradewithrussia.util.LogGenerator log
WARNUNG: [2022-03-13 09:59:03] [WARNUNG] class eu.donttradewithrussia.database.readAndWrite.coalition.PSQLCoalitionWriter: FEHLER: Relation »coalition« existiert nicht
  Position: 13 

März 13, 2022 9:59:03 AM eu.donttradewithrussia.util.LogGenerator log
WARNUNG: [2022-03-13 09:59:03] [WARNUNG] class eu.donttradewithrussia.database.readAndWrite.dataset.PSQLDatasetWriter: FEHLER: Relation »monthly_trade« existiert nicht
  Position: 13 

März 13, 2022 10:03:25 AM eu.donttradewithrussia.util.LogGenerator log
WARNUNG: [2022-03-13 10:03:25] [WARNUNG] class eu.donttradewithrussia.database.readAndWrite.country.PSQLCountryWriter: FEHLER: fehlender Eintrag in FROM-Klausel für Tabelle »tradetest_schema«
  Position: 95 

März 13, 2022 10:03:25 AM eu.donttradewithrussia.util.LogGenerator log
WARNUNG: [2022-03-13 10:03:25] [WARNUNG] class eu.donttradewithrussia.database.readAndWrite.coalition.PSQLCoalitionWriter: FEHLER: fehlender Eintrag in FROM-Klausel für Tabelle »tradetest_schema«
  Position: 73 

März 13, 2022 10:03:25 AM eu.donttradewithrussia.util.LogGenerator log
WARNUNG: [2022-03-13 10:03:25] [WARNUNG] class eu.donttradewithrussia.database.readAndWrite.dataset.PSQLDatasetWriter: FEHLER: Spalte »tradetest_schema« von Relation »monthly_trade« existiert nicht
  Position: 44 

März 13, 2022 10:08:45 AM eu.donttradewithrussia.util.LogGenerator log
WARNUNG: [2022-03-13 10:08:45] [WARNUNG] class eu.donttradewithrussia.database.readAndWrite.country.PSQLCountryWriter: FEHLER: Relation »tradetest_schema.country« existiert nicht
  Position: 13 

März 13, 2022 10:08:45 AM eu.donttradewithrussia.util.LogGenerator log
WARNUNG: [2022-03-13 10:08:45] [WARNUNG] class eu.donttradewithrussia.database.readAndWrite.coalition.PSQLCoalitionWriter: FEHLER: Relation »tradetest_schema.coalition« existiert nicht
  Position: 13 

März 13, 2022 10:08:45 AM eu.donttradewithrussia.util.LogGenerator log
WARNUNG: [2022-03-13 10:08:45] [WARNUNG] class eu.donttradewithrussia.database.readAndWrite.dataset.PSQLDatasetWriter: FEHLER: Relation »tradetest_schema.monthly_trade« existiert nicht
  Position: 13 

März 13, 2022 10:14:07 AM eu.donttradewithrussia.util.LogGenerator log
WARNUNG: [2022-03-13 10:14:07] [WARNUNG] class eu.donttradewithrussia.database.readAndWrite.country.PSQLCountryWriter: FEHLER: Relation »tradetest_schema.country« existiert nicht
  Position: 13 

März 13, 2022 10:14:07 AM eu.donttradewithrussia.util.LogGenerator log
WARNUNG: [2022-03-13 10:14:07] [WARNUNG] class eu.donttradewithrussia.database.readAndWrite.coalition.PSQLCoalitionWriter: FEHLER: Relation »tradetest_schema.coalition« existiert nicht
  Position: 13 

März 13, 2022 10:14:07 AM eu.donttradewithrussia.util.LogGenerator log
WARNUNG: [2022-03-13 10:14:07] [WARNUNG] class eu.donttradewithrussia.database.readAndWrite.dataset.PSQLDatasetWriter: FEHLER: Relation »tradetest_schema.monthly_trade« existiert nicht
  Position: 13 

März 13, 2022 10:16:58 AM eu.donttradewithrussia.util.LogGenerator log
WARNUNG: [2022-03-13 10:16:58] [WARNUNG] class eu.donttradewithrussia.database.readAndWrite.country.PSQLCountryWriter: FEHLER: Relation »tradetest_schema.country« existiert nicht
  Position: 13 

März 13, 2022 10:16:58 AM eu.donttradewithrussia.util.LogGenerator log
WARNUNG: [2022-03-13 10:16:58] [WARNUNG] class eu.donttradewithrussia.database.readAndWrite.coalition.PSQLCoalitionWriter: FEHLER: Relation »tradetest_schema.coalition« existiert nicht
  Position: 13 

März 13, 2022 10:16:58 AM eu.donttradewithrussia.util.LogGenerator log
WARNUNG: [2022-03-13 10:16:58] [WARNUNG] class eu.donttradewithrussia.database.readAndWrite.dataset.PSQLDatasetWriter: FEHLER: Relation »tradetest_schema.monthly_trade« existiert nicht
  Position: 13 

März 13, 2022 10:17:38 AM eu.donttradewithrussia.util.LogGenerator log
WARNUNG: [2022-03-13 10:17:38] [WARNUNG] class eu.donttradewithrussia.database.readAndWrite.country.PSQLCountryWriter: FEHLER: Relation »tradetest_schema.country« existiert nicht
  Position: 13 

März 13, 2022 10:17:38 AM eu.donttradewithrussia.util.LogGenerator log
WARNUNG: [2022-03-13 10:17:38] [WARNUNG] class eu.donttradewithrussia.database.readAndWrite.coalition.PSQLCoalitionWriter: FEHLER: Relation »tradetest_schema.coalition« existiert nicht
  Position: 13 

März 13, 2022 10:17:38 AM eu.donttradewithrussia.util.LogGenerator log
WARNUNG: [2022-03-13 10:17:38] [WARNUNG] class eu.donttradewithrussia.database.readAndWrite.dataset.PSQLDatasetWriter: FEHLER: Relation »tradetest_schema.monthly_trade« existiert nicht
  Position: 13 

März 13, 2022 10:18:46 AM eu.donttradewithrussia.util.LogGenerator log
WARNUNG: [2022-03-13 10:18:46] [WARNUNG] class eu.donttradewithrussia.database.readAndWrite.country.PSQLCountryWriter: FEHLER: Relation »tradetest_schema.country« existiert nicht
  Position: 13 

März 13, 2022 10:18:46 AM eu.donttradewithrussia.util.LogGenerator log
WARNUNG: [2022-03-13 10:18:46] [WARNUNG] class eu.donttradewithrussia.database.readAndWrite.coalition.PSQLCoalitionWriter: FEHLER: Relation »tradetest_schema.coalition« existiert nicht
  Position: 13 

März 13, 2022 10:18:46 AM eu.donttradewithrussia.util.LogGenerator log
WARNUNG: [2022-03-13 10:18:46] [WARNUNG] class eu.donttradewithrussia.database.readAndWrite.dataset.PSQLDatasetWriter: FEHLER: Relation »tradetest_schema.monthly_trade« existiert nicht
  Position: 13 

März 13, 2022 10:19:31 AM eu.donttradewithrussia.util.LogGenerator log
WARNUNG: [2022-03-13 10:19:31] [WARNUNG] class eu.donttradewithrussia.database.readAndWrite.country.PSQLCountryWriter: FEHLER: Relation »tradetest_schema.country« existiert nicht
  Position: 13 

März 13, 2022 10:19:31 AM eu.donttradewithrussia.util.LogGenerator log
WARNUNG: [2022-03-13 10:19:31] [WARNUNG] class eu.donttradewithrussia.database.readAndWrite.coalition.PSQLCoalitionWriter: FEHLER: Relation »tradetest_schema.coalition« existiert nicht
  Position: 13 

März 13, 2022 10:19:31 AM eu.donttradewithrussia.util.LogGenerator log
WARNUNG: [2022-03-13 10:19:31] [WARNUNG] class eu.donttradewithrussia.database.readAndWrite.dataset.PSQLDatasetWriter: FEHLER: Relation »tradetest_schema.monthly_trade« existiert nicht
  Position: 13 

März 13, 2022 10:21:08 AM eu.donttradewithrussia.util.LogGenerator log
WARNUNG: [2022-03-13 10:21:08] [WARNUNG] class eu.donttradewithrussia.database.readAndWrite.country.PSQLCountryWriter: FEHLER: Relation »tradetest_schema.country« existiert nicht
  Position: 13 

März 13, 2022 10:21:08 AM eu.donttradewithrussia.util.LogGenerator log
WARNUNG: [2022-03-13 10:21:08] [WARNUNG] class eu.donttradewithrussia.database.readAndWrite.coalition.PSQLCoalitionWriter: FEHLER: Relation »tradetest_schema.coalition« existiert nicht
  Position: 13 

März 13, 2022 10:21:08 AM eu.donttradewithrussia.util.LogGenerator log
WARNUNG: [2022-03-13 10:21:08] [WARNUNG] class eu.donttradewithrussia.database.readAndWrite.dataset.PSQLDatasetWriter: FEHLER: Relation »tradetest_schema.monthly_trade« existiert nicht
  Position: 13 

März 13, 2022 10:22:16 AM eu.donttradewithrussia.util.LogGenerator log
WARNUNG: [2022-03-13 10:22:16] [WARNUNG] class eu.donttradewithrussia.database.readAndWrite.country.PSQLCountryWriter: FEHLER: Relation »tradetest_schema.country« existiert nicht
  Position: 13 

März 13, 2022 10:22:16 AM eu.donttradewithrussia.util.LogGenerator log
WARNUNG: [2022-03-13 10:22:16] [WARNUNG] class eu.donttradewithrussia.database.readAndWrite.coalition.PSQLCoalitionWriter: FEHLER: Relation »tradetest_schema.coalition« existiert nicht
  Position: 13 

März 13, 2022 10:22:16 AM eu.donttradewithrussia.util.LogGenerator log
WARNUNG: [2022-03-13 10:22:16] [WARNUNG] class eu.donttradewithrussia.database.readAndWrite.dataset.PSQLDatasetWriter: FEHLER: Relation »tradetest_schema.monthly_trade« existiert nicht
  Position: 13 

März 13, 2022 10:22:34 AM eu.donttradewithrussia.util.LogGenerator log
WARNUNG: [2022-03-13 10:22:34] [WARNUNG] class eu.donttradewithrussia.database.readAndWrite.dataset.PSQLDatasetWriter: FEHLER: Spalte »tradetest_schema« von Relation »monthly_trade« existiert nicht
  Position: 44 

März 13, 2022 10:27:36 AM eu.donttradewithrussia.util.LogGenerator log
WARNUNG: [2022-03-13 10:27:36] [WARNUNG] class eu.donttradewithrussia.database.readAndWrite.dataset.PSQLDatasetWriter: FEHLER: Spalte »tradetest_schema« von Relation »monthly_trade« existiert nicht
  Position: 44 

März 13, 2022 10:33:14 AM eu.donttradewithrussia.util.LogGenerator log
WARNUNG: [2022-03-13 10:33:14] [WARNUNG] class eu.donttradewithrussia.database.readAndWrite.dataset.PSQLDatasetWriter: FEHLER: Spalte »tradetest_schema« von Relation »monthly_trade« existiert nicht
  Position: 44 

März 13, 2022 10:33:37 AM eu.donttradewithrussia.util.LogGenerator log
WARNUNG: [2022-03-13 10:33:37] [WARNUNG] class eu.donttradewithrussia.database.readAndWrite.dataset.PSQLDatasetWriter: FEHLER: Spalte »monthly_trade« von Relation »monthly_trade« existiert nicht
  Position: 44 

März 13, 2022 10:34:09 AM eu.donttradewithrussia.util.LogGenerator log
WARNUNG: [2022-03-13 10:34:09] [WARNUNG] class eu.donttradewithrussia.database.readAndWrite.dataset.PSQLDatasetWriter: FEHLER: Spalte »tradetest_schema« von Relation »monthly_trade« existiert nicht
  Position: 44 

März 13, 2022 10:34:23 AM eu.donttradewithrussia.util.LogGenerator log
WARNUNG: [2022-03-13 10:34:23] [WARNUNG] class eu.donttradewithrussia.database.readAndWrite.dataset.PSQLDatasetWriter: FEHLER: Spalte »union_sanction« von Relation »monthly_trade« existiert nicht
  Position: 94 

März 13, 2022 10:35:13 AM eu.donttradewithrussia.util.LogGenerator log
WARNUNG: [2022-03-13 10:35:13] [WARNUNG] class eu.donttradewithrussia.database.readAndWrite.dataset.PSQLDatasetWriter: FEHLER: Spalte »commodity_code« hat Typ smallint, aber der Ausdruck hat Typ character varying
  Hinweis: Sie müssen den Ausdruck umschreiben oder eine Typumwandlung vornehmen.
  Position: 111 

März 13, 2022 10:35:51 AM eu.donttradewithrussia.util.LogGenerator log
WARNUNG: [2022-03-13 10:35:51] [WARNUNG] class eu.donttradewithrussia.database.readAndWrite.dataset.PSQLDatasetWriter: FEHLER: NULL-Wert in Spalte »trade_flow« von Relation »monthly_trade« verletzt Not-Null-Constraint
  Detail: Fehlgeschlagene Zeile enthält (1, 102021, null, 208, 89, All, 20000000000). 

März 13, 2022 10:41:00 AM eu.donttradewithrussia.util.LogGenerator log
WARNUNG: [2022-03-13 10:41:00] [WARNUNG] class eu.donttradewithrussia.database.readAndWrite.dataset.PSQLDatasetWriter: FEHLER: Einfügen oder Aktualisieren in Tabelle »monthly_trade« verletzt Fremdschlüssel-Constraint »monthly_trade_reporter_fkey«
  Detail: Schlüssel (reporter)=(208) ist nicht in Tabelle »country« vorhanden. 

